<?xml version="1.0" encoding="UTF-8"?>
<!-- Generated by org.testng.reporters.JUnitReportReporter -->
<testsuite hostname="LAPTOP-MSK86JTQ" failures="0" tests="1" name="com.qa.testscripts.TC_Scenario_002" time="5.280" errors="0" timestamp="2023-08-17T16:18:29 IST" skipped="0">
  <testcase classname="com.qa.testscripts.TC_Scenario_002" name="Scenario2" time="5.280"/>
  <system-out/>
</testsuite> <!-- com.qa.testscripts.TC_Scenario_002 -->
